{
  "/home/emanuela/www/nlw/webapp/src/components/BannerAction/index.tsx": {
    "path": "/home/emanuela/www/nlw/webapp/src/components/BannerAction/index.tsx",
    "statementMap": {
      "0": {
        "start": { "line": 1, "column": 0 },
        "end": { "line": 1, "column": 52 }
      },
      "1": {
        "start": { "line": 2, "column": 0 },
        "end": { "line": 2, "column": 48 }
      },
      "2": {
        "start": { "line": 6, "column": 57 },
        "end": { "line": 20, "column": 1 }
      },
      "3": {
        "start": { "line": 7, "column": 2 },
        "end": { "line": 19, "column": null }
      },
      "4": {
        "start": { "line": 6, "column": 13 },
        "end": { "line": 6, "column": 57 }
      }
    },
    "fnMap": {
      "0": {
        "name": "(anonymous_0)",
        "decl": {
          "start": { "line": 6, "column": 57 },
          "end": { "line": 6, "column": 58 }
        },
        "loc": {
          "start": { "line": 6, "column": 74 },
          "end": { "line": 20, "column": 1 }
        }
      }
    },
    "branchMap": {},
    "s": { "0": 0, "1": 0, "2": 0, "3": 0, "4": 0 },
    "f": { "0": 0 },
    "b": {}
  },
  "/home/emanuela/www/nlw/webapp/src/components/BoxInput/index.tsx": {
    "path": "/home/emanuela/www/nlw/webapp/src/components/BoxInput/index.tsx",
    "statementMap": {
      "0": {
        "start": { "line": 3, "column": 49 },
        "end": { "line": 5, "column": 1 }
      },
      "1": {
        "start": { "line": 4, "column": 2 },
        "end": { "line": 4, "column": null }
      },
      "2": {
        "start": { "line": 3, "column": 13 },
        "end": { "line": 3, "column": 49 }
      }
    },
    "fnMap": {
      "0": {
        "name": "(anonymous_0)",
        "decl": {
          "start": { "line": 3, "column": 49 },
          "end": { "line": 3, "column": 50 }
        },
        "loc": {
          "start": { "line": 3, "column": 66 },
          "end": { "line": 5, "column": 1 }
        }
      }
    },
    "branchMap": {},
    "s": { "0": 0, "1": 0, "2": 0 },
    "f": { "0": 0 },
    "b": {}
  },
  "/home/emanuela/www/nlw/webapp/src/components/BoxText/index.tsx": {
    "path": "/home/emanuela/www/nlw/webapp/src/components/BoxText/index.tsx",
    "statementMap": {
      "0": {
        "start": { "line": 1, "column": 0 },
        "end": { "line": 1, "column": 36 }
      },
      "1": {
        "start": { "line": 3, "column": 27 },
        "end": { "line": 14, "column": 1 }
      },
      "2": {
        "start": { "line": 4, "column": 2 },
        "end": { "line": 13, "column": null }
      },
      "3": {
        "start": { "line": 3, "column": 13 },
        "end": { "line": 3, "column": 27 }
      }
    },
    "fnMap": {
      "0": {
        "name": "(anonymous_0)",
        "decl": {
          "start": { "line": 3, "column": 27 },
          "end": { "line": 3, "column": 30 }
        },
        "loc": {
          "start": { "line": 3, "column": 32 },
          "end": { "line": 14, "column": 1 }
        }
      }
    },
    "branchMap": {},
    "s": { "0": 1, "1": 1, "2": 2, "3": 1 },
    "f": { "0": 2 },
    "b": {}
  },
  "/home/emanuela/www/nlw/webapp/src/components/Dialog/index.tsx": {
    "path": "/home/emanuela/www/nlw/webapp/src/components/Dialog/index.tsx",
    "statementMap": {
      "0": {
        "start": { "line": 1, "column": 0 },
        "end": { "line": 1, "column": 47 }
      },
      "1": {
        "start": { "line": 2, "column": 0 },
        "end": { "line": 2, "column": 46 }
      },
      "2": {
        "start": { "line": 3, "column": 0 },
        "end": { "line": 3, "column": 47 }
      },
      "3": {
        "start": { "line": 5, "column": 0 },
        "end": { "line": 5, "column": 47 }
      },
      "4": {
        "start": { "line": 7, "column": 26 },
        "end": { "line": 30, "column": 1 }
      },
      "5": {
        "start": { "line": 8, "column": 26 },
        "end": { "line": 8, "column": 52 }
      },
      "6": {
        "start": { "line": 9, "column": 16 },
        "end": { "line": 9, "column": 26 }
      },
      "7": {
        "start": { "line": 10, "column": 2 },
        "end": { "line": 18, "column": null }
      },
      "8": {
        "start": { "line": 11, "column": 21 },
        "end": { "line": 16, "column": 6 }
      },
      "9": {
        "start": { "line": 12, "column": 6 },
        "end": { "line": 15, "column": null }
      },
      "10": {
        "start": { "line": 17, "column": 4 },
        "end": { "line": 17, "column": null }
      },
      "11": {
        "start": { "line": 19, "column": 2 },
        "end": { "line": 29, "column": null }
      },
      "12": {
        "start": { "line": 7, "column": 13 },
        "end": { "line": 7, "column": 26 }
      }
    },
    "fnMap": {
      "0": {
        "name": "(anonymous_0)",
        "decl": {
          "start": { "line": 7, "column": 26 },
          "end": { "line": 7, "column": 29 }
        },
        "loc": {
          "start": { "line": 7, "column": 31 },
          "end": { "line": 30, "column": 1 }
        }
      },
      "1": {
        "name": "(anonymous_1)",
        "decl": {
          "start": { "line": 10, "column": 12 },
          "end": { "line": 10, "column": 15 }
        },
        "loc": {
          "start": { "line": 10, "column": 17 },
          "end": { "line": 18, "column": 3 }
        }
      },
      "2": {
        "name": "(anonymous_2)",
        "decl": {
          "start": { "line": 11, "column": 32 },
          "end": { "line": 11, "column": 33 }
        },
        "loc": {
          "start": { "line": 11, "column": 41 },
          "end": { "line": 16, "column": 5 }
        }
      }
    },
    "branchMap": {},
    "s": {
      "0": 0,
      "1": 0,
      "2": 0,
      "3": 0,
      "4": 0,
      "5": 0,
      "6": 0,
      "7": 0,
      "8": 0,
      "9": 0,
      "10": 0,
      "11": 0,
      "12": 0
    },
    "f": { "0": 0, "1": 0, "2": 0 },
    "b": {}
  },
  "/home/emanuela/www/nlw/webapp/src/components/FormCreateAd/index.tsx": {
    "path": "/home/emanuela/www/nlw/webapp/src/components/FormCreateAd/index.tsx",
    "statementMap": {
      "0": {
        "start": { "line": 1, "column": 0 },
        "end": { "line": 1, "column": 32 }
      },
      "1": {
        "start": { "line": 2, "column": 0 },
        "end": { "line": 2, "column": 47 }
      },
      "2": {
        "start": { "line": 3, "column": 0 },
        "end": { "line": 3, "column": 46 }
      },
      "3": {
        "start": { "line": 4, "column": 0 },
        "end": { "line": 4, "column": 38 }
      },
      "4": {
        "start": { "line": 5, "column": 0 },
        "end": { "line": 5, "column": 32 }
      },
      "5": {
        "start": { "line": 6, "column": 0 },
        "end": { "line": 6, "column": 32 }
      },
      "6": {
        "start": { "line": 7, "column": 0 },
        "end": { "line": 7, "column": 48 }
      },
      "7": {
        "start": { "line": 8, "column": 0 },
        "end": { "line": 8, "column": 34 }
      },
      "8": {
        "start": { "line": 9, "column": 0 },
        "end": { "line": 9, "column": 46 }
      },
      "9": {
        "start": { "line": 10, "column": 0 },
        "end": { "line": 10, "column": 42 }
      },
      "10": {
        "start": { "line": 13, "column": 49 },
        "end": { "line": 87, "column": 1 }
      },
      "11": {
        "start": { "line": 14, "column": 34 },
        "end": { "line": 14, "column": 44 }
      },
      "12": {
        "start": { "line": 15, "column": 2 },
        "end": { "line": 86, "column": null }
      },
      "13": {
        "start": { "line": 19, "column": 22 },
        "end": { "line": 19, "column": 45 }
      },
      "14": {
        "start": { "line": 13, "column": 13 },
        "end": { "line": 13, "column": 49 }
      }
    },
    "fnMap": {
      "0": {
        "name": "(anonymous_0)",
        "decl": {
          "start": { "line": 13, "column": 49 },
          "end": { "line": 13, "column": 50 }
        },
        "loc": {
          "start": { "line": 13, "column": 62 },
          "end": { "line": 87, "column": 1 }
        }
      },
      "1": {
        "name": "(anonymous_1)",
        "decl": {
          "start": { "line": 19, "column": 16 },
          "end": { "line": 19, "column": 19 }
        },
        "loc": {
          "start": { "line": 19, "column": 22 },
          "end": { "line": 19, "column": 45 }
        }
      }
    },
    "branchMap": {},
    "s": {
      "0": 0,
      "1": 0,
      "2": 0,
      "3": 0,
      "4": 0,
      "5": 0,
      "6": 0,
      "7": 0,
      "8": 0,
      "9": 0,
      "10": 0,
      "11": 0,
      "12": 0,
      "13": 0,
      "14": 0
    },
    "f": { "0": 0, "1": 0 },
    "b": {}
  },
  "/home/emanuela/www/nlw/webapp/src/components/GridCards/index.tsx": {
    "path": "/home/emanuela/www/nlw/webapp/src/components/GridCards/index.tsx",
    "statementMap": {
      "0": {
        "start": { "line": 1, "column": 0 },
        "end": { "line": 1, "column": 32 }
      },
      "1": {
        "start": { "line": 2, "column": 0 },
        "end": { "line": 2, "column": 49 }
      },
      "2": {
        "start": { "line": 3, "column": 0 },
        "end": { "line": 3, "column": 47 }
      },
      "3": {
        "start": { "line": 4, "column": 0 },
        "end": { "line": 4, "column": 54 }
      },
      "4": {
        "start": { "line": 5, "column": 0 },
        "end": { "line": 5, "column": 40 }
      },
      "5": {
        "start": { "line": 7, "column": 35 },
        "end": { "line": 95, "column": 1 }
      },
      "6": {
        "start": { "line": 8, "column": 16 },
        "end": { "line": 8, "column": 26 }
      },
      "7": {
        "start": { "line": 9, "column": 29 },
        "end": { "line": 49, "column": null }
      },
      "8": {
        "start": { "line": 23, "column": 24 },
        "end": { "line": 23, "column": 29 }
      },
      "9": {
        "start": { "line": 25, "column": 10 },
        "end": { "line": 25, "column": null }
      },
      "10": {
        "start": { "line": 28, "column": 10 },
        "end": { "line": 28, "column": null }
      },
      "11": {
        "start": { "line": 29, "column": 10 },
        "end": { "line": 29, "column": 31 }
      },
      "12": {
        "start": { "line": 29, "column": 25 },
        "end": { "line": 29, "column": 31 }
      },
      "13": {
        "start": { "line": 30, "column": 10 },
        "end": { "line": 32, "column": null }
      },
      "14": {
        "start": { "line": 31, "column": 12 },
        "end": { "line": 31, "column": null }
      },
      "15": {
        "start": { "line": 34, "column": 8 },
        "end": { "line": 44, "column": null }
      },
      "16": {
        "start": { "line": 35, "column": 10 },
        "end": { "line": 38, "column": null }
      },
      "17": {
        "start": { "line": 36, "column": 12 },
        "end": { "line": 36, "column": null }
      },
      "18": {
        "start": { "line": 37, "column": 12 },
        "end": { "line": 37, "column": null }
      },
      "19": {
        "start": { "line": 39, "column": 10 },
        "end": { "line": 42, "column": null }
      },
      "20": {
        "start": { "line": 40, "column": 12 },
        "end": { "line": 40, "column": null }
      },
      "21": {
        "start": { "line": 41, "column": 12 },
        "end": { "line": 41, "column": null }
      },
      "22": {
        "start": { "line": 43, "column": 10 },
        "end": { "line": 43, "column": null }
      },
      "23": {
        "start": { "line": 45, "column": 8 },
        "end": { "line": 45, "column": null }
      },
      "24": {
        "start": { "line": 46, "column": 8 },
        "end": { "line": 46, "column": null }
      },
      "25": {
        "start": { "line": 47, "column": 8 },
        "end": { "line": 47, "column": null }
      },
      "26": {
        "start": { "line": 52, "column": 2 },
        "end": { "line": 94, "column": null }
      },
      "27": {
        "start": { "line": 56, "column": 10 },
        "end": { "line": 59, "column": null }
      },
      "28": {
        "start": { "line": 83, "column": 23 },
        "end": { "line": 83, "column": 47 }
      },
      "29": {
        "start": { "line": 89, "column": 23 },
        "end": { "line": 89, "column": 47 }
      },
      "30": {
        "start": { "line": 7, "column": 13 },
        "end": { "line": 7, "column": 35 }
      }
    },
    "fnMap": {
      "0": {
        "name": "(anonymous_0)",
        "decl": {
          "start": { "line": 7, "column": 35 },
          "end": { "line": 7, "column": 38 }
        },
        "loc": {
          "start": { "line": 7, "column": 40 },
          "end": { "line": 95, "column": 1 }
        }
      },
      "1": {
        "name": "(anonymous_1)",
        "decl": {
          "start": { "line": 21, "column": 6 },
          "end": { "line": 21, "column": 7 }
        },
        "loc": {
          "start": { "line": 21, "column": 17 },
          "end": { "line": 48, "column": 7 }
        }
      },
      "2": {
        "name": "clearNextTimeout",
        "decl": {
          "start": { "line": 24, "column": 17 },
          "end": { "line": 24, "column": 33 }
        },
        "loc": {
          "start": { "line": 24, "column": 33 },
          "end": { "line": 26, "column": 9 }
        }
      },
      "3": {
        "name": "nextTimeout",
        "decl": {
          "start": { "line": 27, "column": 17 },
          "end": { "line": 27, "column": 28 }
        },
        "loc": {
          "start": { "line": 27, "column": 28 },
          "end": { "line": 33, "column": 9 }
        }
      },
      "4": {
        "name": "(anonymous_4)",
        "decl": {
          "start": { "line": 30, "column": 31 },
          "end": { "line": 30, "column": 34 }
        },
        "loc": {
          "start": { "line": 30, "column": 36 },
          "end": { "line": 32, "column": 11 }
        }
      },
      "5": {
        "name": "(anonymous_5)",
        "decl": {
          "start": { "line": 34, "column": 29 },
          "end": { "line": 34, "column": 32 }
        },
        "loc": {
          "start": { "line": 34, "column": 34 },
          "end": { "line": 44, "column": 9 }
        }
      },
      "6": {
        "name": "(anonymous_6)",
        "decl": {
          "start": { "line": 35, "column": 57 },
          "end": { "line": 35, "column": 60 }
        },
        "loc": {
          "start": { "line": 35, "column": 62 },
          "end": { "line": 38, "column": 11 }
        }
      },
      "7": {
        "name": "(anonymous_7)",
        "decl": {
          "start": { "line": 39, "column": 56 },
          "end": { "line": 39, "column": 59 }
        },
        "loc": {
          "start": { "line": 39, "column": 61 },
          "end": { "line": 42, "column": 11 }
        }
      },
      "8": {
        "name": "(anonymous_8)",
        "decl": {
          "start": { "line": 55, "column": 20 },
          "end": { "line": 55, "column": 21 }
        },
        "loc": {
          "start": { "line": 56, "column": 10 },
          "end": { "line": 59, "column": null }
        }
      },
      "9": {
        "name": "(anonymous_9)",
        "decl": {
          "start": { "line": 83, "column": 17 },
          "end": { "line": 83, "column": 20 }
        },
        "loc": {
          "start": { "line": 83, "column": 23 },
          "end": { "line": 83, "column": 47 }
        }
      },
      "10": {
        "name": "(anonymous_10)",
        "decl": {
          "start": { "line": 89, "column": 17 },
          "end": { "line": 89, "column": 20 }
        },
        "loc": {
          "start": { "line": 89, "column": 23 },
          "end": { "line": 89, "column": 47 }
        }
      }
    },
    "branchMap": {
      "0": {
        "loc": {
          "start": { "line": 29, "column": 10 },
          "end": { "line": 29, "column": 31 }
        },
        "type": "if",
        "locations": [
          {
            "start": { "line": 29, "column": 10 },
            "end": { "line": 29, "column": 31 }
          }
        ]
      },
      "1": {
        "loc": {
          "start": { "line": 73, "column": 17 },
          "end": { "line": 75, "column": 49 }
        },
        "type": "cond-expr",
        "locations": [
          {
            "start": { "line": 74, "column": 20 },
            "end": { "line": 74, "column": 48 }
          },
          {
            "start": { "line": 75, "column": 20 },
            "end": { "line": 75, "column": 49 }
          }
        ]
      }
    },
    "s": {
      "0": 0,
      "1": 0,
      "2": 0,
      "3": 0,
      "4": 0,
      "5": 0,
      "6": 0,
      "7": 0,
      "8": 0,
      "9": 0,
      "10": 0,
      "11": 0,
      "12": 0,
      "13": 0,
      "14": 0,
      "15": 0,
      "16": 0,
      "17": 0,
      "18": 0,
      "19": 0,
      "20": 0,
      "21": 0,
      "22": 0,
      "23": 0,
      "24": 0,
      "25": 0,
      "26": 0,
      "27": 0,
      "28": 0,
      "29": 0,
      "30": 0
    },
    "f": {
      "0": 0,
      "1": 0,
      "2": 0,
      "3": 0,
      "4": 0,
      "5": 0,
      "6": 0,
      "7": 0,
      "8": 0,
      "9": 0,
      "10": 0
    },
    "b": { "0": [0], "1": [0, 0] }
  },
  "/home/emanuela/www/nlw/webapp/src/components/Input/index.tsx": {
    "path": "/home/emanuela/www/nlw/webapp/src/components/Input/index.tsx",
    "statementMap": {
      "0": {
        "start": { "line": 3, "column": 43 },
        "end": { "line": 10, "column": 1 }
      },
      "1": {
        "start": { "line": 4, "column": 2 },
        "end": { "line": 9, "column": null }
      },
      "2": {
        "start": { "line": 3, "column": 13 },
        "end": { "line": 3, "column": 43 }
      }
    },
    "fnMap": {
      "0": {
        "name": "(anonymous_0)",
        "decl": {
          "start": { "line": 3, "column": 43 },
          "end": { "line": 3, "column": 44 }
        },
        "loc": {
          "start": { "line": 3, "column": 53 },
          "end": { "line": 10, "column": 1 }
        }
      }
    },
    "branchMap": {},
    "s": { "0": 1, "1": 1, "2": 1 },
    "f": { "0": 1 },
    "b": {}
  },
  "/home/emanuela/www/nlw/webapp/src/components/InputCheckbox/index.tsx": {
    "path": "/home/emanuela/www/nlw/webapp/src/components/InputCheckbox/index.tsx",
    "statementMap": {
      "0": {
        "start": { "line": 2, "column": 0 },
        "end": { "line": 2, "column": 52 }
      },
      "1": {
        "start": { "line": 3, "column": 0 },
        "end": { "line": 3, "column": 38 }
      },
      "2": {
        "start": { "line": 5, "column": 33 },
        "end": { "line": 16, "column": 1 }
      },
      "3": {
        "start": { "line": 6, "column": 2 },
        "end": { "line": 15, "column": null }
      },
      "4": {
        "start": { "line": 5, "column": 13 },
        "end": { "line": 5, "column": 33 }
      }
    },
    "fnMap": {
      "0": {
        "name": "(anonymous_0)",
        "decl": {
          "start": { "line": 5, "column": 33 },
          "end": { "line": 5, "column": 36 }
        },
        "loc": {
          "start": { "line": 5, "column": 38 },
          "end": { "line": 16, "column": 1 }
        }
      }
    },
    "branchMap": {},
    "s": { "0": 1, "1": 1, "2": 1, "3": 4, "4": 1 },
    "f": { "0": 4 },
    "b": {}
  },
  "/home/emanuela/www/nlw/webapp/src/components/Label/index.tsx": {
    "path": "/home/emanuela/www/nlw/webapp/src/components/Label/index.tsx",
    "statementMap": {
      "0": {
        "start": { "line": 3, "column": 43 },
        "end": { "line": 9, "column": 1 }
      },
      "1": {
        "start": { "line": 4, "column": 2 },
        "end": { "line": 8, "column": null }
      },
      "2": {
        "start": { "line": 3, "column": 13 },
        "end": { "line": 3, "column": 43 }
      }
    },
    "fnMap": {
      "0": {
        "name": "(anonymous_0)",
        "decl": {
          "start": { "line": 3, "column": 43 },
          "end": { "line": 3, "column": 44 }
        },
        "loc": {
          "start": { "line": 3, "column": 53 },
          "end": { "line": 9, "column": 1 }
        }
      }
    },
    "branchMap": {},
    "s": { "0": 1, "1": 1, "2": 1 },
    "f": { "0": 1 },
    "b": {}
  },
  "/home/emanuela/www/nlw/webapp/src/components/Logo/index.tsx": {
    "path": "/home/emanuela/www/nlw/webapp/src/components/Logo/index.tsx",
    "statementMap": {
      "0": {
        "start": { "line": 2, "column": 0 },
        "end": { "line": 2, "column": 28 }
      },
      "1": {
        "start": { "line": 4, "column": 24 },
        "end": { "line": 6, "column": 1 }
      },
      "2": {
        "start": { "line": 5, "column": 2 },
        "end": { "line": 5, "column": null }
      },
      "3": {
        "start": { "line": 4, "column": 13 },
        "end": { "line": 4, "column": 24 }
      }
    },
    "fnMap": {
      "0": {
        "name": "(anonymous_0)",
        "decl": {
          "start": { "line": 4, "column": 24 },
          "end": { "line": 4, "column": 27 }
        },
        "loc": {
          "start": { "line": 4, "column": 29 },
          "end": { "line": 6, "column": 1 }
        }
      }
    },
    "branchMap": {},
    "s": { "0": 0, "1": 0, "2": 0, "3": 0 },
    "f": { "0": 0 },
    "b": {}
  },
  "/home/emanuela/www/nlw/webapp/src/components/Main/index.tsx": {
    "path": "/home/emanuela/www/nlw/webapp/src/components/Main/index.tsx",
    "statementMap": {
      "0": {
        "start": { "line": 3, "column": 41 },
        "end": { "line": 9, "column": 1 }
      },
      "1": {
        "start": { "line": 4, "column": 2 },
        "end": { "line": 8, "column": null }
      },
      "2": {
        "start": { "line": 3, "column": 13 },
        "end": { "line": 3, "column": 41 }
      }
    },
    "fnMap": {
      "0": {
        "name": "(anonymous_0)",
        "decl": {
          "start": { "line": 3, "column": 41 },
          "end": { "line": 3, "column": 42 }
        },
        "loc": {
          "start": { "line": 3, "column": 58 },
          "end": { "line": 9, "column": 1 }
        }
      }
    },
    "branchMap": {},
    "s": { "0": 0, "1": 0, "2": 0 },
    "f": { "0": 0 },
    "b": {}
  },
  "/home/emanuela/www/nlw/webapp/src/components/Select/index.tsx": {
    "path": "/home/emanuela/www/nlw/webapp/src/components/Select/index.tsx",
    "statementMap": {
      "0": {
        "start": { "line": 1, "column": 0 },
        "end": { "line": 1, "column": 46 }
      },
      "1": {
        "start": { "line": 2, "column": 0 },
        "end": { "line": 2, "column": 58 }
      },
      "2": {
        "start": { "line": 5, "column": 45 },
        "end": { "line": 41, "column": 1 }
      },
      "3": {
        "start": { "line": 6, "column": 2 },
        "end": { "line": 40, "column": null }
      },
      "4": {
        "start": { "line": 25, "column": 14 },
        "end": { "line": 27, "column": null }
      },
      "5": {
        "start": { "line": 5, "column": 13 },
        "end": { "line": 5, "column": 45 }
      }
    },
    "fnMap": {
      "0": {
        "name": "(anonymous_0)",
        "decl": {
          "start": { "line": 5, "column": 45 },
          "end": { "line": 5, "column": 46 }
        },
        "loc": {
          "start": { "line": 5, "column": 77 },
          "end": { "line": 41, "column": 1 }
        }
      },
      "1": {
        "name": "(anonymous_1)",
        "decl": {
          "start": { "line": 24, "column": 23 },
          "end": { "line": 24, "column": 24 }
        },
        "loc": {
          "start": { "line": 25, "column": 14 },
          "end": { "line": 27, "column": null }
        }
      }
    },
    "branchMap": {},
    "s": { "0": 1, "1": 1, "2": 1, "3": 1, "4": 3, "5": 1 },
    "f": { "0": 1, "1": 3 },
    "b": {}
  },
  "/home/emanuela/www/nlw/webapp/src/components/SelectButton/index.tsx": {
    "path": "/home/emanuela/www/nlw/webapp/src/components/SelectButton/index.tsx",
    "statementMap": {
      "0": {
        "start": { "line": 1, "column": 0 },
        "end": { "line": 1, "column": 32 }
      },
      "1": {
        "start": { "line": 2, "column": 0 },
        "end": { "line": 2, "column": 54 }
      },
      "2": {
        "start": { "line": 5, "column": 57 },
        "end": { "line": 46, "column": 1 }
      },
      "3": {
        "start": { "line": 6, "column": 34 },
        "end": { "line": 6, "column": 56 }
      },
      "4": {
        "start": { "line": 7, "column": 23 },
        "end": { "line": 15, "column": 3 }
      },
      "5": {
        "start": { "line": 8, "column": 4 },
        "end": { "line": 14, "column": null }
      },
      "6": {
        "start": { "line": 9, "column": 6 },
        "end": { "line": 9, "column": null }
      },
      "7": {
        "start": { "line": 9, "column": 28 },
        "end": { "line": 9, "column": 44 }
      },
      "8": {
        "start": { "line": 11, "column": 20 },
        "end": { "line": 11, "column": 43 }
      },
      "9": {
        "start": { "line": 12, "column": 6 },
        "end": { "line": 12, "column": null }
      },
      "10": {
        "start": { "line": 13, "column": 6 },
        "end": { "line": 13, "column": null }
      },
      "11": {
        "start": { "line": 13, "column": 28 },
        "end": { "line": 13, "column": 37 }
      },
      "12": {
        "start": { "line": 17, "column": 2 },
        "end": { "line": 45, "column": null }
      },
      "13": {
        "start": { "line": 25, "column": 25 },
        "end": { "line": 25, "column": 49 }
      },
      "14": {
        "start": { "line": 27, "column": 10 },
        "end": { "line": 30, "column": null }
      },
      "15": {
        "start": { "line": 31, "column": 27 },
        "end": { "line": 31, "column": 45 }
      },
      "16": {
        "start": { "line": 5, "column": 13 },
        "end": { "line": 5, "column": 57 }
      }
    },
    "fnMap": {
      "0": {
        "name": "(anonymous_0)",
        "decl": {
          "start": { "line": 5, "column": 57 },
          "end": { "line": 5, "column": 58 }
        },
        "loc": {
          "start": { "line": 5, "column": 70 },
          "end": { "line": 46, "column": 1 }
        }
      },
      "1": {
        "name": "(anonymous_1)",
        "decl": {
          "start": { "line": 7, "column": 23 },
          "end": { "line": 7, "column": 24 }
        },
        "loc": {
          "start": { "line": 7, "column": 41 },
          "end": { "line": 15, "column": 3 }
        }
      },
      "2": {
        "name": "(anonymous_2)",
        "decl": {
          "start": { "line": 9, "column": 18 },
          "end": { "line": 9, "column": 19 }
        },
        "loc": {
          "start": { "line": 9, "column": 28 },
          "end": { "line": 9, "column": 44 }
        }
      },
      "3": {
        "name": "(anonymous_3)",
        "decl": {
          "start": { "line": 13, "column": 18 },
          "end": { "line": 13, "column": 19 }
        },
        "loc": {
          "start": { "line": 13, "column": 28 },
          "end": { "line": 13, "column": 37 }
        }
      },
      "4": {
        "name": "(anonymous_4)",
        "decl": {
          "start": { "line": 25, "column": 15 },
          "end": { "line": 25, "column": 16 }
        },
        "loc": {
          "start": { "line": 25, "column": 25 },
          "end": { "line": 25, "column": 49 }
        }
      },
      "5": {
        "name": "(anonymous_5)",
        "decl": {
          "start": { "line": 26, "column": 13 },
          "end": { "line": 26, "column": 14 }
        },
        "loc": {
          "start": { "line": 27, "column": 10 },
          "end": { "line": 30, "column": null }
        }
      },
      "6": {
        "name": "(anonymous_6)",
        "decl": {
          "start": { "line": 31, "column": 21 },
          "end": { "line": 31, "column": 24 }
        },
        "loc": {
          "start": { "line": 31, "column": 27 },
          "end": { "line": 31, "column": 45 }
        }
      }
    },
    "branchMap": {
      "0": {
        "loc": {
          "start": { "line": 8, "column": 4 },
          "end": { "line": 14, "column": null }
        },
        "type": "if",
        "locations": [
          {
            "start": { "line": 8, "column": 4 },
            "end": { "line": 14, "column": null }
          },
          {
            "start": { "line": 10, "column": 11 },
            "end": { "line": 14, "column": null }
          }
        ]
      },
      "1": {
        "loc": {
          "start": { "line": 37, "column": 16 },
          "end": { "line": 37, "column": null }
        },
        "type": "cond-expr",
        "locations": [
          {
            "start": { "line": 37, "column": 42 },
            "end": { "line": 37, "column": 57 }
          },
          {
            "start": { "line": 37, "column": 60 },
            "end": { "line": 37, "column": null }
          }
        ]
      }
    },
    "s": {
      "0": 1,
      "1": 1,
      "2": 1,
      "3": 2,
      "4": 2,
      "5": 1,
      "6": 1,
      "7": 1,
      "8": 0,
      "9": 0,
      "10": 0,
      "11": 0,
      "12": 2,
      "13": 12,
      "14": 14,
      "15": 1,
      "16": 1
    },
    "f": { "0": 2, "1": 1, "2": 1, "3": 0, "4": 12, "5": 14, "6": 1 },
    "b": { "0": [1, 0], "1": [1, 13] }
  },
  "/home/emanuela/www/nlw/webapp/src/components/Title/index.tsx": {
    "path": "/home/emanuela/www/nlw/webapp/src/components/Title/index.tsx",
    "statementMap": {
      "0": {
        "start": { "line": 3, "column": 25 },
        "end": { "line": 13, "column": 1 }
      },
      "1": {
        "start": { "line": 4, "column": 2 },
        "end": { "line": 12, "column": null }
      },
      "2": {
        "start": { "line": 3, "column": 13 },
        "end": { "line": 3, "column": 25 }
      }
    },
    "fnMap": {
      "0": {
        "name": "(anonymous_0)",
        "decl": {
          "start": { "line": 3, "column": 25 },
          "end": { "line": 3, "column": 28 }
        },
        "loc": {
          "start": { "line": 3, "column": 30 },
          "end": { "line": 13, "column": 1 }
        }
      }
    },
    "branchMap": {},
    "s": { "0": 1, "1": 1, "2": 1 },
    "f": { "0": 1 },
    "b": {}
  },
  "/home/emanuela/www/nlw/webapp/src/data/weekDays.ts": {
    "path": "/home/emanuela/www/nlw/webapp/src/data/weekDays.ts",
    "statementMap": {
      "0": {
        "start": { "line": 1, "column": 17 },
        "end": { "line": 37, "column": null }
      },
      "1": {
        "start": { "line": 39, "column": 0 },
        "end": { "line": 39, "column": null }
      }
    },
    "fnMap": {},
    "branchMap": {},
    "s": { "0": 1, "1": 1 },
    "f": {},
    "b": {}
  },
  "/home/emanuela/www/nlw/webapp/src/hooks/useGames.tsx": {
    "path": "/home/emanuela/www/nlw/webapp/src/hooks/useGames.tsx",
    "statementMap": {
      "0": {
        "start": { "line": 1, "column": 0 },
        "end": { "line": 1, "column": 43 }
      },
      "1": {
        "start": { "line": 3, "column": 0 },
        "end": { "line": 3, "column": 32 }
      },
      "2": {
        "start": { "line": 5, "column": 17 },
        "end": { "line": 16, "column": 1 }
      },
      "3": {
        "start": { "line": 6, "column": 2 },
        "end": { "line": 15, "column": null }
      },
      "4": {
        "start": { "line": 7, "column": 29 },
        "end": { "line": 7, "column": 51 }
      },
      "5": {
        "start": { "line": 8, "column": 4 },
        "end": { "line": 10, "column": null }
      },
      "6": {
        "start": { "line": 9, "column": 6 },
        "end": { "line": 9, "column": null }
      },
      "7": {
        "start": { "line": 11, "column": 4 },
        "end": { "line": 11, "column": 10 }
      },
      "8": {
        "start": { "line": 13, "column": 4 },
        "end": { "line": 13, "column": null }
      },
      "9": {
        "start": { "line": 14, "column": 4 },
        "end": { "line": 14, "column": null }
      },
      "10": {
        "start": { "line": 18, "column": 24 },
        "end": { "line": 26, "column": 1 }
      },
      "11": {
        "start": { "line": 19, "column": 28 },
        "end": { "line": 19, "column": 53 }
      },
      "12": {
        "start": { "line": 21, "column": 2 },
        "end": { "line": 23, "column": null }
      },
      "13": {
        "start": { "line": 22, "column": 4 },
        "end": { "line": 22, "column": null }
      },
      "14": {
        "start": { "line": 22, "column": 34 },
        "end": { "line": 22, "column": 52 }
      },
      "15": {
        "start": { "line": 25, "column": 2 },
        "end": { "line": 25, "column": null }
      },
      "16": {
        "start": { "line": 18, "column": 13 },
        "end": { "line": 18, "column": 24 }
      }
    },
    "fnMap": {
      "0": {
        "name": "(anonymous_0)",
        "decl": {
          "start": { "line": 5, "column": 17 },
          "end": { "line": 5, "column": 22 }
        },
        "loc": {
          "start": { "line": 5, "column": 28 },
          "end": { "line": 16, "column": 1 }
        }
      },
      "1": {
        "name": "(anonymous_1)",
        "decl": {
          "start": { "line": 18, "column": 24 },
          "end": { "line": 18, "column": 27 }
        },
        "loc": {
          "start": { "line": 18, "column": 29 },
          "end": { "line": 26, "column": 1 }
        }
      },
      "2": {
        "name": "(anonymous_2)",
        "decl": {
          "start": { "line": 21, "column": 12 },
          "end": { "line": 21, "column": 15 }
        },
        "loc": {
          "start": { "line": 21, "column": 17 },
          "end": { "line": 23, "column": 3 }
        }
      },
      "3": {
        "name": "(anonymous_3)",
        "decl": {
          "start": { "line": 22, "column": 20 },
          "end": { "line": 22, "column": 21 }
        },
        "loc": {
          "start": { "line": 22, "column": 34 },
          "end": { "line": 22, "column": 52 }
        }
      }
    },
    "branchMap": {
      "0": {
        "loc": {
          "start": { "line": 8, "column": 4 },
          "end": { "line": 10, "column": null }
        },
        "type": "if",
        "locations": [
          {
            "start": { "line": 8, "column": 4 },
            "end": { "line": 10, "column": null }
          }
        ]
      },
      "1": {
        "loc": {
          "start": { "line": 8, "column": 8 },
          "end": { "line": 8, "column": 41 }
        },
        "type": "binary-expr",
        "locations": [
          {
            "start": { "line": 8, "column": 8 },
            "end": { "line": 8, "column": 22 }
          },
          {
            "start": { "line": 8, "column": 26 },
            "end": { "line": 8, "column": 41 }
          }
        ]
      }
    },
    "s": {
      "0": 0,
      "1": 0,
      "2": 0,
      "3": 0,
      "4": 0,
      "5": 0,
      "6": 0,
      "7": 0,
      "8": 0,
      "9": 0,
      "10": 0,
      "11": 0,
      "12": 0,
      "13": 0,
      "14": 0,
      "15": 0,
      "16": 0
    },
    "f": { "0": 0, "1": 0, "2": 0, "3": 0 },
    "b": { "0": [0], "1": [0, 0] }
  },
  "/home/emanuela/www/nlw/webapp/src/lib/api.ts": {
    "path": "/home/emanuela/www/nlw/webapp/src/lib/api.ts",
    "statementMap": {
      "0": {
        "start": { "line": 1, "column": 0 },
        "end": { "line": 1, "column": 25 }
      },
      "1": {
        "start": { "line": 3, "column": 13 },
        "end": { "line": 5, "column": null }
      }
    },
    "fnMap": {},
    "branchMap": {},
    "s": { "0": 0, "1": 0 },
    "f": {},
    "b": {}
  },
  "/home/emanuela/www/nlw/webapp/src/pages/Home/index.tsx": {
    "path": "/home/emanuela/www/nlw/webapp/src/pages/Home/index.tsx",
    "statementMap": {
      "0": {
        "start": { "line": 1, "column": 0 },
        "end": { "line": 1, "column": 45 }
      },
      "1": {
        "start": { "line": 2, "column": 0 },
        "end": { "line": 2, "column": 50 }
      },
      "2": {
        "start": { "line": 3, "column": 0 },
        "end": { "line": 3, "column": 60 }
      },
      "3": {
        "start": { "line": 4, "column": 0 },
        "end": { "line": 4, "column": 54 }
      },
      "4": {
        "start": { "line": 5, "column": 0 },
        "end": { "line": 5, "column": 44 }
      },
      "5": {
        "start": { "line": 6, "column": 0 },
        "end": { "line": 6, "column": 44 }
      },
      "6": {
        "start": { "line": 7, "column": 0 },
        "end": { "line": 7, "column": 46 }
      },
      "7": {
        "start": { "line": 8, "column": 0 },
        "end": { "line": 8, "column": 48 }
      },
      "8": {
        "start": { "line": 10, "column": 30 },
        "end": { "line": 25, "column": 1 }
      },
      "9": {
        "start": { "line": 11, "column": 2 },
        "end": { "line": 24, "column": null }
      },
      "10": {
        "start": { "line": 10, "column": 13 },
        "end": { "line": 10, "column": 30 }
      }
    },
    "fnMap": {
      "0": {
        "name": "(anonymous_0)",
        "decl": {
          "start": { "line": 10, "column": 30 },
          "end": { "line": 10, "column": 33 }
        },
        "loc": {
          "start": { "line": 10, "column": 35 },
          "end": { "line": 25, "column": 1 }
        }
      }
    },
    "branchMap": {},
    "s": {
      "0": 0,
      "1": 0,
      "2": 0,
      "3": 0,
      "4": 0,
      "5": 0,
      "6": 0,
      "7": 0,
      "8": 0,
      "9": 0,
      "10": 0
    },
    "f": { "0": 0 },
    "b": {}
  }
}
